

*******************************************************************************
Mon May  3 21:16:13 2021


FIT:    data read from "out.err.txt" using 1:2
        format = x:z
        #datapoints = 100
        residuals are weighted equally (unit weight)

function used for fitting: f(x)
	f(x)=a*x**b
fitted parameters initialized with current variable values

iter      chisq       delta/lim  lambda   a             b            
   0 2.4046311386e+00   0.00e+00  4.14e-02    1.000000e+00  -5.000000e-01
  16 5.6661444607e-05  -3.13e-02  4.14e-10    2.071455e+01  -1.045417e+00

After 16 iterations the fit converged.
final sum of squares of residuals : 5.66614e-05
rel. change during last iteration : -3.1295e-07

degrees of freedom    (FIT_NDF)                        : 98
rms of residuals      (FIT_STDFIT) = sqrt(WSSR/ndf)    : 0.00076038
variance of residuals (reduced chisquare) = WSSR/ndf   : 5.78178e-07

Final set of parameters            Asymptotic Standard Error
=======================            ==========================
a               = 20.7145          +/- 0.3765       (1.818%)
b               = -1.04542         +/- 0.007899     (0.7556%)

correlation matrix of the fit parameters:
                a      b      
a               1.000 
b              -1.000  1.000 


*******************************************************************************
Mon May  3 21:16:13 2021


FIT:    data read from "out.err.txt" using 1:3
        format = x:z
        #datapoints = 100
        residuals are weighted equally (unit weight)

function used for fitting: g(x)
	g(x)=c*x**d
fitted parameters initialized with current variable values

iter      chisq       delta/lim  lambda   c             d            
   0 2.6726440454e+00   0.00e+00  1.77e-02    1.000000e+00  -1.000000e+00
  39 1.4935212447e-05  -2.34e-01  1.77e-06    5.500104e+00  -5.110964e-01

After 39 iterations the fit converged.
final sum of squares of residuals : 1.49352e-05
rel. change during last iteration : -2.34068e-06

degrees of freedom    (FIT_NDF)                        : 98
rms of residuals      (FIT_STDFIT) = sqrt(WSSR/ndf)    : 0.000390385
variance of residuals (reduced chisquare) = WSSR/ndf   : 1.524e-07

Final set of parameters            Asymptotic Standard Error
=======================            ==========================
c               = 5.5001           +/- 0.002655     (0.04827%)
d               = -0.511096        +/- 0.0001654    (0.03236%)

correlation matrix of the fit parameters:
                c      d      
c               1.000 
d              -0.884  1.000 


*******************************************************************************
Mon May  3 21:17:27 2021


FIT:    data read from "out.err.txt" using 1:2
        format = x:z
        #datapoints = 100
        residuals are weighted equally (unit weight)

function used for fitting: f(x)
	f(x)=a*x**b
fitted parameters initialized with current variable values

iter      chisq       delta/lim  lambda   a             b            
   0 2.4046311386e+00   0.00e+00  4.14e-02    1.000000e+00  -5.000000e-01
  16 5.6661444607e-05  -3.13e-02  4.14e-10    2.071455e+01  -1.045417e+00

After 16 iterations the fit converged.
final sum of squares of residuals : 5.66614e-05
rel. change during last iteration : -3.1295e-07

degrees of freedom    (FIT_NDF)                        : 98
rms of residuals      (FIT_STDFIT) = sqrt(WSSR/ndf)    : 0.00076038
variance of residuals (reduced chisquare) = WSSR/ndf   : 5.78178e-07

Final set of parameters            Asymptotic Standard Error
=======================            ==========================
a               = 20.7145          +/- 0.3765       (1.818%)
b               = -1.04542         +/- 0.007899     (0.7556%)

correlation matrix of the fit parameters:
                a      b      
a               1.000 
b              -1.000  1.000 


*******************************************************************************
Mon May  3 21:17:27 2021


FIT:    data read from "out.err.txt" using 1:3
        format = x:z
        #datapoints = 100
        residuals are weighted equally (unit weight)

function used for fitting: g(x)
	g(x)=c*x**d
fitted parameters initialized with current variable values

iter      chisq       delta/lim  lambda   c             d            
   0 2.6726440454e+00   0.00e+00  1.77e-02    1.000000e+00  -1.000000e+00
  39 1.4935212447e-05  -2.34e-01  1.77e-06    5.500104e+00  -5.110964e-01

After 39 iterations the fit converged.
final sum of squares of residuals : 1.49352e-05
rel. change during last iteration : -2.34068e-06

degrees of freedom    (FIT_NDF)                        : 98
rms of residuals      (FIT_STDFIT) = sqrt(WSSR/ndf)    : 0.000390385
variance of residuals (reduced chisquare) = WSSR/ndf   : 1.524e-07

Final set of parameters            Asymptotic Standard Error
=======================            ==========================
c               = 5.5001           +/- 0.002655     (0.04827%)
d               = -0.511096        +/- 0.0001654    (0.03236%)

correlation matrix of the fit parameters:
                c      d      
c               1.000 
d              -0.884  1.000 
